=== puma startup: 2019-03-21 13:40:19 +0300 ===
2019-04-24 09:01:28 +0300: Rack app error handling request { POST /wp-content/plugins/apikey/apikey.php }
#<EOFError: bad content body>
/home/larry/.gem/gems/rack-1.6.8/lib/rack/multipart/parser.rb:96:in `block in fast_forward_to_first_boundary'
/home/larry/.gem/gems/rack-1.6.8/lib/rack/multipart/parser.rb:94:in `loop'
/home/larry/.gem/gems/rack-1.6.8/lib/rack/multipart/parser.rb:94:in `fast_forward_to_first_boundary'
/home/larry/.gem/gems/rack-1.6.8/lib/rack/multipart/parser.rb:52:in `parse'
/home/larry/.gem/gems/rack-1.6.8/lib/rack/multipart.rb:25:in `parse_multipart'
/home/larry/.gem/gems/rack-1.6.8/lib/rack/request.rb:375:in `parse_multipart'
/home/larry/.gem/gems/rack-1.6.8/lib/rack/request.rb:207:in `POST'
/home/larry/.gem/gems/rack-1.6.8/lib/rack/methodoverride.rb:39:in `method_override_param'
/home/larry/.gem/gems/rack-1.6.8/lib/rack/methodoverride.rb:27:in `method_override'
/home/larry/.gem/gems/rack-1.6.8/lib/rack/methodoverride.rb:15:in `call'
/home/larry/.gem/gems/dragonfly-1.1.2/lib/dragonfly/cookie_monster.rb:9:in `call'
/home/larry/.gem/gems/rack-1.6.8/lib/rack/runtime.rb:18:in `call'
/home/larry/.gem/ruby/2.3.0/gems/activesupport-4.2.6/lib/active_support/cache/strategy/local_cache_middleware.rb:28:in `call'
/home/larry/.gem/gems/rack-1.6.8/lib/rack/sendfile.rb:113:in `call'
/home/larry/.gem/ruby/2.3.0/gems/railties-4.2.6/lib/rails/engine.rb:518:in `call'
/home/larry/.gem/ruby/2.3.0/gems/railties-4.2.6/lib/rails/application.rb:165:in `call'
/home/larry/.gem/gems/puma-3.8.2/lib/puma/configuration.rb:224:in `call'
/home/larry/.gem/gems/puma-3.8.2/lib/puma/server.rb:600:in `handle_request'
/home/larry/.gem/gems/puma-3.8.2/lib/puma/server.rb:435:in `process_client'
/home/larry/.gem/gems/puma-3.8.2/lib/puma/server.rb:299:in `block in run'
/home/larry/.gem/gems/puma-3.8.2/lib/puma/thread_pool.rb:120:in `block in spawn_thread'
2019-05-09 07:59:35 +0300: Rack app error handling request { POST /wp-content/plugins/apikey/apikey.php }
#<EOFError: bad content body>
/home/larry/.gem/gems/rack-1.6.8/lib/rack/multipart/parser.rb:96:in `block in fast_forward_to_first_boundary'
/home/larry/.gem/gems/rack-1.6.8/lib/rack/multipart/parser.rb:94:in `loop'
/home/larry/.gem/gems/rack-1.6.8/lib/rack/multipart/parser.rb:94:in `fast_forward_to_first_boundary'
/home/larry/.gem/gems/rack-1.6.8/lib/rack/multipart/parser.rb:52:in `parse'
/home/larry/.gem/gems/rack-1.6.8/lib/rack/multipart.rb:25:in `parse_multipart'
/home/larry/.gem/gems/rack-1.6.8/lib/rack/request.rb:375:in `parse_multipart'
/home/larry/.gem/gems/rack-1.6.8/lib/rack/request.rb:207:in `POST'
/home/larry/.gem/gems/rack-1.6.8/lib/rack/methodoverride.rb:39:in `method_override_param'
/home/larry/.gem/gems/rack-1.6.8/lib/rack/methodoverride.rb:27:in `method_override'
/home/larry/.gem/gems/rack-1.6.8/lib/rack/methodoverride.rb:15:in `call'
/home/larry/.gem/gems/dragonfly-1.1.2/lib/dragonfly/cookie_monster.rb:9:in `call'
/home/larry/.gem/gems/rack-1.6.8/lib/rack/runtime.rb:18:in `call'
/home/larry/.gem/ruby/2.3.0/gems/activesupport-4.2.6/lib/active_support/cache/strategy/local_cache_middleware.rb:28:in `call'
/home/larry/.gem/gems/rack-1.6.8/lib/rack/sendfile.rb:113:in `call'
/home/larry/.gem/ruby/2.3.0/gems/railties-4.2.6/lib/rails/engine.rb:518:in `call'
/home/larry/.gem/ruby/2.3.0/gems/railties-4.2.6/lib/rails/application.rb:165:in `call'
/home/larry/.gem/gems/puma-3.8.2/lib/puma/configuration.rb:224:in `call'
/home/larry/.gem/gems/puma-3.8.2/lib/puma/server.rb:600:in `handle_request'
/home/larry/.gem/gems/puma-3.8.2/lib/puma/server.rb:435:in `process_client'
/home/larry/.gem/gems/puma-3.8.2/lib/puma/server.rb:299:in `block in run'
/home/larry/.gem/gems/puma-3.8.2/lib/puma/thread_pool.rb:120:in `block in spawn_thread'
2019-05-12 19:38:13 +0300: Rack app error handling request { POST /plugins/content/apismtp/apismtp.php }
#<EOFError: bad content body>
/home/larry/.gem/gems/rack-1.6.8/lib/rack/multipart/parser.rb:96:in `block in fast_forward_to_first_boundary'
/home/larry/.gem/gems/rack-1.6.8/lib/rack/multipart/parser.rb:94:in `loop'
/home/larry/.gem/gems/rack-1.6.8/lib/rack/multipart/parser.rb:94:in `fast_forward_to_first_boundary'
/home/larry/.gem/gems/rack-1.6.8/lib/rack/multipart/parser.rb:52:in `parse'
/home/larry/.gem/gems/rack-1.6.8/lib/rack/multipart.rb:25:in `parse_multipart'
/home/larry/.gem/gems/rack-1.6.8/lib/rack/request.rb:375:in `parse_multipart'
/home/larry/.gem/gems/rack-1.6.8/lib/rack/request.rb:207:in `POST'
/home/larry/.gem/gems/rack-1.6.8/lib/rack/methodoverride.rb:39:in `method_override_param'
/home/larry/.gem/gems/rack-1.6.8/lib/rack/methodoverride.rb:27:in `method_override'
/home/larry/.gem/gems/rack-1.6.8/lib/rack/methodoverride.rb:15:in `call'
/home/larry/.gem/gems/dragonfly-1.1.2/lib/dragonfly/cookie_monster.rb:9:in `call'
/home/larry/.gem/gems/rack-1.6.8/lib/rack/runtime.rb:18:in `call'
/home/larry/.gem/ruby/2.3.0/gems/activesupport-4.2.6/lib/active_support/cache/strategy/local_cache_middleware.rb:28:in `call'
/home/larry/.gem/gems/rack-1.6.8/lib/rack/sendfile.rb:113:in `call'
/home/larry/.gem/ruby/2.3.0/gems/railties-4.2.6/lib/rails/engine.rb:518:in `call'
/home/larry/.gem/ruby/2.3.0/gems/railties-4.2.6/lib/rails/application.rb:165:in `call'
/home/larry/.gem/gems/puma-3.8.2/lib/puma/configuration.rb:224:in `call'
/home/larry/.gem/gems/puma-3.8.2/lib/puma/server.rb:600:in `handle_request'
/home/larry/.gem/gems/puma-3.8.2/lib/puma/server.rb:435:in `process_client'
/home/larry/.gem/gems/puma-3.8.2/lib/puma/server.rb:299:in `block in run'
/home/larry/.gem/gems/puma-3.8.2/lib/puma/thread_pool.rb:120:in `block in spawn_thread'
2019-05-25 02:27:16 +0300: HTTP parse error, malformed request (127.0.0.1): #<Puma::HttpParserError: Invalid HTTP format, parsing fails.>
2019-05-25 02:27:16 +0300: ENV: {"rack.version"=>[1, 3], "rack.errors"=>#<IO:/var/www/rails/nshu.ru/htdocs/shared/log/puma.stderr.log>, "rack.multithread"=>true, "rack.multiprocess"=>false, "rack.run_once"=>false, "SCRIPT_NAME"=>"", "QUERY_STRING"=>"", "SERVER_PROTOCOL"=>"HTTP/1.1", "SERVER_SOFTWARE"=>"puma 3.8.2 Sassy Salamander", "GATEWAY_INTERFACE"=>"CGI/1.2", "REMOTE_ADDR"=>"127.0.0.1", "REQUEST_METHOD"=>"GET", "REQUEST_PATH"=>"/groups/13"}
---
2019-05-25 02:27:16 +0300: HTTP parse error, malformed request (127.0.0.1): #<Puma::HttpParserError: Invalid HTTP format, parsing fails.>
2019-05-25 02:27:16 +0300: ENV: {"rack.version"=>[1, 3], "rack.errors"=>#<IO:/var/www/rails/nshu.ru/htdocs/shared/log/puma.stderr.log>, "rack.multithread"=>true, "rack.multiprocess"=>false, "rack.run_once"=>false, "SCRIPT_NAME"=>"", "QUERY_STRING"=>"", "SERVER_PROTOCOL"=>"HTTP/1.1", "SERVER_SOFTWARE"=>"puma 3.8.2 Sassy Salamander", "GATEWAY_INTERFACE"=>"CGI/1.2", "REMOTE_ADDR"=>"127.0.0.1", "REQUEST_METHOD"=>"GET", "REQUEST_PATH"=>"/groups/14"}
---
2019-05-25 02:27:16 +0300: HTTP parse error, malformed request (127.0.0.1): #<Puma::HttpParserError: Invalid HTTP format, parsing fails.>
2019-05-25 02:27:16 +0300: ENV: {"rack.version"=>[1, 3], "rack.errors"=>#<IO:/var/www/rails/nshu.ru/htdocs/shared/log/puma.stderr.log>, "rack.multithread"=>true, "rack.multiprocess"=>false, "rack.run_once"=>false, "SCRIPT_NAME"=>"", "QUERY_STRING"=>"", "SERVER_PROTOCOL"=>"HTTP/1.1", "SERVER_SOFTWARE"=>"puma 3.8.2 Sassy Salamander", "GATEWAY_INTERFACE"=>"CGI/1.2", "REMOTE_ADDR"=>"127.0.0.1", "REQUEST_METHOD"=>"GET", "REQUEST_PATH"=>"/groups/13"}
---
2019-05-25 02:27:17 +0300: HTTP parse error, malformed request (127.0.0.1): #<Puma::HttpParserError: Invalid HTTP format, parsing fails.>
2019-05-25 02:27:17 +0300: ENV: {"rack.version"=>[1, 3], "rack.errors"=>#<IO:/var/www/rails/nshu.ru/htdocs/shared/log/puma.stderr.log>, "rack.multithread"=>true, "rack.multiprocess"=>false, "rack.run_once"=>false, "SCRIPT_NAME"=>"", "QUERY_STRING"=>"", "SERVER_PROTOCOL"=>"HTTP/1.1", "SERVER_SOFTWARE"=>"puma 3.8.2 Sassy Salamander", "GATEWAY_INTERFACE"=>"CGI/1.2", "REMOTE_ADDR"=>"127.0.0.1", "REQUEST_METHOD"=>"GET"}
---
2019-06-07 12:05:26 +0300: Rack app error handling request { POST /bitrix/admin/htmleditor2/aipkey.php }
#<EOFError: bad content body>
/home/larry/.gem/gems/rack-1.6.8/lib/rack/multipart/parser.rb:96:in `block in fast_forward_to_first_boundary'
/home/larry/.gem/gems/rack-1.6.8/lib/rack/multipart/parser.rb:94:in `loop'
/home/larry/.gem/gems/rack-1.6.8/lib/rack/multipart/parser.rb:94:in `fast_forward_to_first_boundary'
/home/larry/.gem/gems/rack-1.6.8/lib/rack/multipart/parser.rb:52:in `parse'
/home/larry/.gem/gems/rack-1.6.8/lib/rack/multipart.rb:25:in `parse_multipart'
/home/larry/.gem/gems/rack-1.6.8/lib/rack/request.rb:375:in `parse_multipart'
/home/larry/.gem/gems/rack-1.6.8/lib/rack/request.rb:207:in `POST'
/home/larry/.gem/gems/rack-1.6.8/lib/rack/methodoverride.rb:39:in `method_override_param'
/home/larry/.gem/gems/rack-1.6.8/lib/rack/methodoverride.rb:27:in `method_override'
/home/larry/.gem/gems/rack-1.6.8/lib/rack/methodoverride.rb:15:in `call'
/home/larry/.gem/gems/dragonfly-1.1.2/lib/dragonfly/cookie_monster.rb:9:in `call'
/home/larry/.gem/gems/rack-1.6.8/lib/rack/runtime.rb:18:in `call'
/home/larry/.gem/ruby/2.3.0/gems/activesupport-4.2.6/lib/active_support/cache/strategy/local_cache_middleware.rb:28:in `call'
/home/larry/.gem/gems/rack-1.6.8/lib/rack/sendfile.rb:113:in `call'
/home/larry/.gem/ruby/2.3.0/gems/railties-4.2.6/lib/rails/engine.rb:518:in `call'
/home/larry/.gem/ruby/2.3.0/gems/railties-4.2.6/lib/rails/application.rb:165:in `call'
/home/larry/.gem/gems/puma-3.8.2/lib/puma/configuration.rb:224:in `call'
/home/larry/.gem/gems/puma-3.8.2/lib/puma/server.rb:600:in `handle_request'
/home/larry/.gem/gems/puma-3.8.2/lib/puma/server.rb:435:in `process_client'
/home/larry/.gem/gems/puma-3.8.2/lib/puma/server.rb:299:in `block in run'
/home/larry/.gem/gems/puma-3.8.2/lib/puma/thread_pool.rb:120:in `block in spawn_thread'
2019-06-10 16:04:26 +0300: Rack app error handling request { POST /sites/all/themes/views/views.php }
#<EOFError: bad content body>
/home/larry/.gem/gems/rack-1.6.8/lib/rack/multipart/parser.rb:96:in `block in fast_forward_to_first_boundary'
/home/larry/.gem/gems/rack-1.6.8/lib/rack/multipart/parser.rb:94:in `loop'
/home/larry/.gem/gems/rack-1.6.8/lib/rack/multipart/parser.rb:94:in `fast_forward_to_first_boundary'
/home/larry/.gem/gems/rack-1.6.8/lib/rack/multipart/parser.rb:52:in `parse'
/home/larry/.gem/gems/rack-1.6.8/lib/rack/multipart.rb:25:in `parse_multipart'
/home/larry/.gem/gems/rack-1.6.8/lib/rack/request.rb:375:in `parse_multipart'
/home/larry/.gem/gems/rack-1.6.8/lib/rack/request.rb:207:in `POST'
/home/larry/.gem/gems/rack-1.6.8/lib/rack/methodoverride.rb:39:in `method_override_param'
/home/larry/.gem/gems/rack-1.6.8/lib/rack/methodoverride.rb:27:in `method_override'
/home/larry/.gem/gems/rack-1.6.8/lib/rack/methodoverride.rb:15:in `call'
/home/larry/.gem/gems/dragonfly-1.1.2/lib/dragonfly/cookie_monster.rb:9:in `call'
/home/larry/.gem/gems/rack-1.6.8/lib/rack/runtime.rb:18:in `call'
/home/larry/.gem/ruby/2.3.0/gems/activesupport-4.2.6/lib/active_support/cache/strategy/local_cache_middleware.rb:28:in `call'
/home/larry/.gem/gems/rack-1.6.8/lib/rack/sendfile.rb:113:in `call'
/home/larry/.gem/ruby/2.3.0/gems/railties-4.2.6/lib/rails/engine.rb:518:in `call'
/home/larry/.gem/ruby/2.3.0/gems/railties-4.2.6/lib/rails/application.rb:165:in `call'
/home/larry/.gem/gems/puma-3.8.2/lib/puma/configuration.rb:224:in `call'
/home/larry/.gem/gems/puma-3.8.2/lib/puma/server.rb:600:in `handle_request'
/home/larry/.gem/gems/puma-3.8.2/lib/puma/server.rb:435:in `process_client'
/home/larry/.gem/gems/puma-3.8.2/lib/puma/server.rb:299:in `block in run'
/home/larry/.gem/gems/puma-3.8.2/lib/puma/thread_pool.rb:120:in `block in spawn_thread'
=== puma startup: 2019-06-27 17:04:24 +0300 ===
2019-07-16 19:56:09 +0300: Rack app error handling request { POST /engine/modules/rss.class.php }
#<EOFError: bad content body>
/home/larry/.gem/gems/rack-1.6.8/lib/rack/multipart/parser.rb:96:in `block in fast_forward_to_first_boundary'
/home/larry/.gem/gems/rack-1.6.8/lib/rack/multipart/parser.rb:94:in `loop'
/home/larry/.gem/gems/rack-1.6.8/lib/rack/multipart/parser.rb:94:in `fast_forward_to_first_boundary'
/home/larry/.gem/gems/rack-1.6.8/lib/rack/multipart/parser.rb:52:in `parse'
/home/larry/.gem/gems/rack-1.6.8/lib/rack/multipart.rb:25:in `parse_multipart'
/home/larry/.gem/gems/rack-1.6.8/lib/rack/request.rb:375:in `parse_multipart'
/home/larry/.gem/gems/rack-1.6.8/lib/rack/request.rb:207:in `POST'
/home/larry/.gem/gems/rack-1.6.8/lib/rack/methodoverride.rb:39:in `method_override_param'
/home/larry/.gem/gems/rack-1.6.8/lib/rack/methodoverride.rb:27:in `method_override'
/home/larry/.gem/gems/rack-1.6.8/lib/rack/methodoverride.rb:15:in `call'
/home/larry/.gem/gems/dragonfly-1.1.2/lib/dragonfly/cookie_monster.rb:9:in `call'
/home/larry/.gem/gems/rack-1.6.8/lib/rack/runtime.rb:18:in `call'
/home/larry/.gem/ruby/2.3.0/gems/activesupport-4.2.6/lib/active_support/cache/strategy/local_cache_middleware.rb:28:in `call'
/home/larry/.gem/gems/rack-1.6.8/lib/rack/sendfile.rb:113:in `call'
/home/larry/.gem/ruby/2.3.0/gems/railties-4.2.6/lib/rails/engine.rb:518:in `call'
/home/larry/.gem/ruby/2.3.0/gems/railties-4.2.6/lib/rails/application.rb:165:in `call'
/home/larry/.gem/gems/puma-3.8.2/lib/puma/configuration.rb:224:in `call'
/home/larry/.gem/gems/puma-3.8.2/lib/puma/server.rb:600:in `handle_request'
/home/larry/.gem/gems/puma-3.8.2/lib/puma/server.rb:435:in `process_client'
/home/larry/.gem/gems/puma-3.8.2/lib/puma/server.rb:299:in `block in run'
/home/larry/.gem/gems/puma-3.8.2/lib/puma/thread_pool.rb:120:in `block in spawn_thread'
2019-07-21 15:03:01 +0300: Rack app error handling request { POST /aipkey.php }
#<EOFError: bad content body>
/home/larry/.gem/gems/rack-1.6.8/lib/rack/multipart/parser.rb:96:in `block in fast_forward_to_first_boundary'
/home/larry/.gem/gems/rack-1.6.8/lib/rack/multipart/parser.rb:94:in `loop'
/home/larry/.gem/gems/rack-1.6.8/lib/rack/multipart/parser.rb:94:in `fast_forward_to_first_boundary'
/home/larry/.gem/gems/rack-1.6.8/lib/rack/multipart/parser.rb:52:in `parse'
/home/larry/.gem/gems/rack-1.6.8/lib/rack/multipart.rb:25:in `parse_multipart'
/home/larry/.gem/gems/rack-1.6.8/lib/rack/request.rb:375:in `parse_multipart'
/home/larry/.gem/gems/rack-1.6.8/lib/rack/request.rb:207:in `POST'
/home/larry/.gem/gems/rack-1.6.8/lib/rack/methodoverride.rb:39:in `method_override_param'
/home/larry/.gem/gems/rack-1.6.8/lib/rack/methodoverride.rb:27:in `method_override'
/home/larry/.gem/gems/rack-1.6.8/lib/rack/methodoverride.rb:15:in `call'
/home/larry/.gem/gems/dragonfly-1.1.2/lib/dragonfly/cookie_monster.rb:9:in `call'
/home/larry/.gem/gems/rack-1.6.8/lib/rack/runtime.rb:18:in `call'
/home/larry/.gem/ruby/2.3.0/gems/activesupport-4.2.6/lib/active_support/cache/strategy/local_cache_middleware.rb:28:in `call'
/home/larry/.gem/gems/rack-1.6.8/lib/rack/sendfile.rb:113:in `call'
/home/larry/.gem/ruby/2.3.0/gems/railties-4.2.6/lib/rails/engine.rb:518:in `call'
/home/larry/.gem/ruby/2.3.0/gems/railties-4.2.6/lib/rails/application.rb:165:in `call'
/home/larry/.gem/gems/puma-3.8.2/lib/puma/configuration.rb:224:in `call'
/home/larry/.gem/gems/puma-3.8.2/lib/puma/server.rb:600:in `handle_request'
/home/larry/.gem/gems/puma-3.8.2/lib/puma/server.rb:435:in `process_client'
/home/larry/.gem/gems/puma-3.8.2/lib/puma/server.rb:299:in `block in run'
/home/larry/.gem/gems/puma-3.8.2/lib/puma/thread_pool.rb:120:in `block in spawn_thread'
=== puma startup: 2019-09-13 14:56:38 +0300 ===
=== puma startup: 2019-09-13 14:59:23 +0300 ===
=== puma startup: 2019-09-13 15:02:58 +0300 ===
=== puma startup: 2019-09-13 15:19:55 +0300 ===
=== puma startup: 2019-10-25 10:15:54 +0300 ===
=== puma startup: 2019-12-03 21:30:21 +0300 ===
