=== puma startup: 2019-03-21 13:40:19 +0300 ===
[3096] * Starting control server on unix:///tmp/puma-status-1553164819621-3082
[3096] - Worker 0 (pid: 3118) booted, phase: 0
[3096] Early termination of worker
=== puma startup: 2019-06-27 17:04:24 +0300 ===
[6390] * Starting control server on unix:///tmp/puma-status-1561644264551-6375
[6390] - Worker 0 (pid: 6406) booted, phase: 0
[6390] - Gracefully shutting down workers...
[6390] === puma shutdown: 2019-09-13 14:56:30 +0300 ===
[6390] - Goodbye!
=== puma startup: 2019-09-13 14:56:38 +0300 ===
[6620] * Starting control server on unix:///tmp/puma-status-1568375797981-6614
[6620] - Worker 0 (pid: 6627) booted, phase: 0
[6620] Early termination of worker
[6627] ! Detected parent died, dying
=== puma startup: 2019-09-13 14:59:23 +0300 ===
[6705] * Starting control server on unix:///tmp/puma-status-1568375963663-6699
[6705] - Worker 0 (pid: 6712) booted, phase: 0
[6705] - Gracefully shutting down workers...
[6705] === puma shutdown: 2019-09-13 15:00:24 +0300 ===
[6705] - Goodbye!
=== puma startup: 2019-09-13 15:02:58 +0300 ===
[6916] * Starting control server on unix:///tmp/puma-status-1568376178634-6910
[6916] - Worker 0 (pid: 6923) booted, phase: 0
[6916] - Gracefully shutting down workers...
[6916] === puma shutdown: 2019-09-13 15:19:47 +0300 ===
[6916] - Goodbye!
=== puma startup: 2019-09-13 15:19:55 +0300 ===
[7133] * Starting control server on unix:///tmp/puma-status-1568377195123-7127
[7133] - Worker 0 (pid: 7140) booted, phase: 0
[7133] Early termination of worker
[7140] ! Detected parent died, dying
=== puma startup: 2019-10-25 10:15:54 +0300 ===
[3031] * Starting control server on unix:///tmp/puma-status-1571987754292-3010
[3031] - Worker 0 (pid: 3046) booted, phase: 0
[3031] - Gracefully shutting down workers...
[3031] === puma shutdown: 2019-11-23 15:43:21 +0300 ===
[3031] - Goodbye!
=== puma startup: 2019-12-03 21:30:21 +0300 ===
[13744] * Starting control server on unix:///tmp/puma-status-1575397821932-13738
[13744] - Worker 0 (pid: 13751) booted, phase: 0
